生成启动时间为 2016/5/8 0:38:16。
     1>项目“E:\develop\opengl\opengles3-book-master\opengles3-book-master\Chapter_2\Hello_Triangle\win32\Hello_Triangle\Simple_TextureCubemap\lpng1621\lpng1621\projects\vstudio\libpng\libpng.vcxproj”在节点 2 上(Build 个目标)。
     1>ClCompile:
         C:\Program Files (x86)\Microsoft Visual Studio 14.0\VC\bin\CL.exe /c /I"..\..\..\..\zlib-1.2.8" /Zi /nologo /W4 /WX /Od /Oi /Oy- /GL /D WIN32 /D _DEBUG /D _WINDOWS /D _USRDLL /D _WINDLL /D _MBCS /GF /Gm- /EHsc /RTC1 /MDd /GS /Gy /fp:precise /fp:except- /Zc:wchar_t- /Zc:forScope /Zc:inline /Yc"pngpriv.h" /Fp"Debug\libpng16.pch" /Fo"Debug\\" /Fd"Debug\vc140.pdb" /FR"Debug\\" /Gd /TC /wd4996 /wd4127 /analyze- /errorReport:prompt ..\..\..\png.c
         png.c
         C:\Program Files (x86)\Microsoft Visual Studio 14.0\VC\bin\CL.exe /c /I"..\..\..\..\zlib-1.2.8" /Zi /nologo /W4 /WX /Od /Oi /Oy- /GL /D WIN32 /D _DEBUG /D _WINDOWS /D _USRDLL /D _WINDLL /D _MBCS /GF /Gm- /EHsc /RTC1 /MDd /GS /Gy /fp:precise /fp:except- /Zc:wchar_t- /Zc:forScope /Zc:inline /Yu"pngpriv.h" /Fp"Debug\libpng16.pch" /Fo"Debug\\" /Fd"Debug\vc140.pdb" /FR"Debug\\" /Gd /TC /wd4996 /wd4127 /analyze- /errorReport:prompt ..\..\..\pngerror.c ..\..\..\pngget.c ..\..\..\pngmem.c ..\..\..\pngpread.c ..\..\..\pngread.c ..\..\..\pngrio.c ..\..\..\pngrtran.c ..\..\..\pngrutil.c ..\..\..\pngset.c ..\..\..\pngtrans.c ..\..\..\pngwio.c ..\..\..\pngwrite.c ..\..\..\pngwtran.c ..\..\..\pngwutil.c
         pngerror.c
         pngget.c
         pngmem.c
         pngpread.c
         pngread.c
         pngrio.c
         pngrtran.c
         pngrutil.c
         pngset.c
         pngtrans.c
         pngwio.c
         pngwrite.c
         pngwtran.c
         pngwutil.c
       ResourceCompile:
         C:\Program Files (x86)\Windows Kits\8.1\bin\x86\rc.exe /l"0x0409" /nologo /fo"Debug\pngwin.res" ..\..\..\scripts\pngwin.rc 
       Link:
         C:\Program Files (x86)\Microsoft Visual Studio 14.0\VC\bin\link.exe /ERRORREPORT:PROMPT /OUT:"E:\develop\opengl\opengles3-book-master\opengles3-book-master\Chapter_2\Hello_Triangle\win32\Hello_Triangle\Simple_TextureCubemap\lpng1621\lpng1621\projects\vstudio\Debug\libpng16.dll" /VERSION:"16" /INCREMENTAL:NO /NOLOGO /LIBPATH:"E:\develop\opengl\opengles3-book-master\opengles3-book-master\Chapter_2\Hello_Triangle\win32\Hello_Triangle\Simple_TextureCubemap\lpng1621\lpng1621\projects\vstudio\Debug\\" zlib.lib /MANIFEST /MANIFESTUAC:"level='asInvoker' uiAccess='false'" /manifest:embed /Debug /PDB:"E:\develop\opengl\opengles3-book-master\opengles3-book-master\Chapter_2\Hello_Triangle\win32\Hello_Triangle\Simple_TextureCubemap\lpng1621\lpng1621\projects\vstudio\Debug\libpng16.pdb" /SUBSYSTEM:WINDOWS /LTCG:incremental /TLBID:1 /DYNAMICBASE /NXCOMPAT /IMPLIB:"E:\develop\opengl\opengles3-book-master\opengles3-book-master\Chapter_2\Hello_Triangle\win32\Hello_Triangle\Simple_TextureCubemap\lpng1621\lpng1621\projects\vstudio\Debug\libpng16.lib" /MACHINE:X86 /SAFESEH /DLL Debug\pngwin.res
         Debug\png.obj
         Debug\pngerror.obj
         Debug\pngget.obj
         Debug\pngmem.obj
         Debug\pngpread.obj
         Debug\pngread.obj
         Debug\pngrio.obj
         Debug\pngrtran.obj
         Debug\pngrutil.obj
         Debug\pngset.obj
         Debug\pngtrans.obj
         Debug\pngwio.obj
         Debug\pngwrite.obj
         Debug\pngwtran.obj
         Debug\pngwutil.obj
           正在创建库 E:\develop\opengl\opengles3-book-master\opengles3-book-master\Chapter_2\Hello_Triangle\win32\Hello_Triangle\Simple_TextureCubemap\lpng1621\lpng1621\projects\vstudio\Debug\libpng16.lib 和对象 E:\develop\opengl\opengles3-book-master\opengles3-book-master\Chapter_2\Hello_Triangle\win32\Hello_Triangle\Simple_TextureCubemap\lpng1621\lpng1621\projects\vstudio\Debug\libpng16.exp
         正在生成代码
         All 501 functions were compiled because no usable IPDB/IOBJ from previous compilation was found.
         已完成代码的生成
         libpng.vcxproj -> E:\develop\opengl\opengles3-book-master\opengles3-book-master\Chapter_2\Hello_Triangle\win32\Hello_Triangle\Simple_TextureCubemap\lpng1621\lpng1621\projects\vstudio\Debug\libpng16.dll
       BscMake:
         C:\Program Files (x86)\Microsoft Visual Studio 14.0\VC\bin\bscmake.exe /nologo /o"E:\develop\opengl\opengles3-book-master\opengles3-book-master\Chapter_2\Hello_Triangle\win32\Hello_Triangle\Simple_TextureCubemap\lpng1621\lpng1621\projects\vstudio\Debug\libpng16.bsc" Debug\png.sbr Debug\pngerror.sbr Debug\pngget.sbr Debug\pngmem.sbr Debug\pngpread.sbr Debug\pngread.sbr Debug\pngrio.sbr Debug\pngrtran.sbr Debug\pngrutil.sbr Debug\pngset.sbr Debug\pngtrans.sbr Debug\pngwio.sbr Debug\pngwrite.sbr Debug\pngwtran.sbr Debug\pngwutil.sbr
     1>已完成生成项目“E:\develop\opengl\opengles3-book-master\opengles3-book-master\Chapter_2\Hello_Triangle\win32\Hello_Triangle\Simple_TextureCubemap\lpng1621\lpng1621\projects\vstudio\libpng\libpng.vcxproj”(Build 个目标)的操作。

已成功生成。

已用时间 00:00:02.99
