生成启动时间为 2016/5/8 0:46:00。
     1>项目“E:\develop\opengl\opengles3-book-master\opengles3-book-master\Chapter_2\Hello_Triangle\win32\Hello_Triangle\Simple_TextureCubemap\lpng1621\lpng1621\projects\visualc71\zlib.vcxproj”在节点 2 上(Build 个目标)。
     1>ClCompile:
         C:\Program Files (x86)\Microsoft Visual Studio 14.0\VC\bin\CL.exe /c /I..\..\..\zlib /ZI /nologo /W3 /WX- /Od /Oy- /D WIN32 /D _DEBUG /D _CRT_SECURE_NO_WARNINGS /D _CRT_NONSTDC_NO_WARNINGS /Gm- /EHsc /RTC1 /MTd /GS /fp:precise /Zc:wchar_t /Zc:forScope /Zc:inline /Fo".\Win32_LIB_Debug\ZLib\\" /Fd".\Win32_LIB_Debug\ZLib\zlib.pdb" /Gd /TC /analyze- /errorReport:prompt ..\..\..\zlib\adler32.c ..\..\..\zlib\compress.c ..\..\..\zlib\crc32.c ..\..\..\zlib\deflate.c ..\..\..\zlib\gzclose.c ..\..\..\zlib\gzlib.c ..\..\..\zlib\gzread.c ..\..\..\zlib\gzwrite.c ..\..\..\zlib\infback.c ..\..\..\zlib\inffast.c ..\..\..\zlib\inflate.c ..\..\..\zlib\inftrees.c ..\..\..\zlib\trees.c ..\..\..\zlib\uncompr.c ..\..\..\zlib\zutil.c
         adler32.c
         compress.c
         crc32.c
         deflate.c
         gzclose.c
         gzlib.c
         gzread.c
         gzwrite.c
         infback.c
         inffast.c
         inflate.c
         inftrees.c
         trees.c
         uncompr.c
         zutil.c
         正在生成代码...
     1>C:\Program Files (x86)\MSBuild\Microsoft.Cpp\v4.0\V140\Microsoft.CppBuild.targets(1357,5): warning MSB8012: TargetPath(E:\develop\opengl\opengles3-book-master\opengles3-book-master\Chapter_2\Hello_Triangle\win32\Hello_Triangle\Simple_TextureCubemap\lpng1621\lpng1621\projects\visualc71\.\Win32_LIB_Debug\ZLib\zlib.lib) does not match the Library's OutputFile property value (E:\develop\opengl\opengles3-book-master\opengles3-book-master\Chapter_2\Hello_Triangle\win32\Hello_Triangle\Simple_TextureCubemap\lpng1621\lpng1621\projects\visualc71\Win32_LIB_Debug\ZLib\zlibd.lib). This may cause your project to build incorrectly. To correct this, please make sure that $(OutDir), $(TargetName) and $(TargetExt) property values match the value specified in %(Lib.OutputFile).
     1>C:\Program Files (x86)\MSBuild\Microsoft.Cpp\v4.0\V140\Microsoft.CppBuild.targets(1359,5): warning MSB8012: TargetName(zlib) does not match the Library's OutputFile property value (zlibd). This may cause your project to build incorrectly. To correct this, please make sure that $(OutDir), $(TargetName) and $(TargetExt) property values match the value specified in %(Lib.OutputFile).
       Lib:
         C:\Program Files (x86)\Microsoft Visual Studio 14.0\VC\bin\Lib.exe /OUT:".\Win32_LIB_Debug\ZLib\zlibd.lib" /NOLOGO .\Win32_LIB_Debug\ZLib\adler32.obj
         .\Win32_LIB_Debug\ZLib\compress.obj
         .\Win32_LIB_Debug\ZLib\crc32.obj
         .\Win32_LIB_Debug\ZLib\deflate.obj
         .\Win32_LIB_Debug\ZLib\gzclose.obj
         .\Win32_LIB_Debug\ZLib\gzlib.obj
         .\Win32_LIB_Debug\ZLib\gzread.obj
         .\Win32_LIB_Debug\ZLib\gzwrite.obj
         .\Win32_LIB_Debug\ZLib\infback.obj
         .\Win32_LIB_Debug\ZLib\inffast.obj
         .\Win32_LIB_Debug\ZLib\inflate.obj
         .\Win32_LIB_Debug\ZLib\inftrees.obj
         .\Win32_LIB_Debug\ZLib\trees.obj
         .\Win32_LIB_Debug\ZLib\uncompr.obj
         .\Win32_LIB_Debug\ZLib\zutil.obj
         zlib.vcxproj -> E:\develop\opengl\opengles3-book-master\opengles3-book-master\Chapter_2\Hello_Triangle\win32\Hello_Triangle\Simple_TextureCubemap\lpng1621\lpng1621\projects\visualc71\.\Win32_LIB_Debug\ZLib\zlib.lib
     1>已完成生成项目“E:\develop\opengl\opengles3-book-master\opengles3-book-master\Chapter_2\Hello_Triangle\win32\Hello_Triangle\Simple_TextureCubemap\lpng1621\lpng1621\projects\visualc71\zlib.vcxproj”(Build 个目标)的操作。

已成功生成。

已用时间 00:00:00.72
