生成启动时间为 2016/5/8 0:45:54。
     1>项目“E:\develop\opengl\opengles3-book-master\opengles3-book-master\Chapter_2\Hello_Triangle\win32\Hello_Triangle\Simple_TextureCubemap\lpng1621\lpng1621\projects\visualc71\libpng.vcxproj”在节点 2 上(Build 个目标)。
     1>PreBuildEvent:
         copy ..\..\scripts\pnglibconf.h.prebuilt ..\..\pnglibconf.h
         :VCEnd
         已复制         1 个文件。
       ClCompile:
         C:\Program Files (x86)\Microsoft Visual Studio 14.0\VC\bin\CL.exe /c /I..\.. /I..\..\..\zlib /ZI /nologo /W3 /WX- /Od /Oy- /D WIN32 /D _DEBUG /D DEBUG /D PNG_DEBUG=1 /D _CRT_SECURE_NO_WARNINGS /Gm- /EHsc /RTC1 /MTd /GS /fp:precise /Zc:wchar_t /Zc:forScope /Zc:inline /Yc"pngpriv.h" /Fp".\Win32_LIB_Debug\libpng.pch" /Fo".\Win32_LIB_Debug\\" /Fd".\Win32_LIB_Debug\libpng.pdb" /Gd /TC /analyze- /errorReport:prompt ..\..\pngerror.c
         pngerror.c
         C:\Program Files (x86)\Microsoft Visual Studio 14.0\VC\bin\CL.exe /c /I..\.. /I..\..\..\zlib /ZI /nologo /W3 /WX- /Od /Oy- /D WIN32 /D _DEBUG /D DEBUG /D PNG_DEBUG=1 /D _CRT_SECURE_NO_WARNINGS /Gm- /EHsc /RTC1 /MTd /GS /fp:precise /Zc:wchar_t /Zc:forScope /Zc:inline /Fo".\Win32_LIB_Debug\\" /Fd".\Win32_LIB_Debug\libpng.pdb" /Gd /TC /analyze- /errorReport:prompt ..\..\png.c
         png.c
         C:\Program Files (x86)\Microsoft Visual Studio 14.0\VC\bin\CL.exe /c /I..\.. /I..\..\..\zlib /ZI /nologo /W3 /WX- /Od /Oy- /D WIN32 /D _DEBUG /D DEBUG /D PNG_DEBUG=1 /D _CRT_SECURE_NO_WARNINGS /Gm- /EHsc /RTC1 /MTd /GS /fp:precise /Zc:wchar_t /Zc:forScope /Zc:inline /Yu"pngpriv.h" /Fp".\Win32_LIB_Debug\libpng.pch" /Fo".\Win32_LIB_Debug\\" /Fd".\Win32_LIB_Debug\libpng.pdb" /Gd /TC /analyze- /errorReport:prompt ..\..\pngget.c ..\..\pngmem.c ..\..\pngpread.c ..\..\pngread.c ..\..\pngrio.c ..\..\pngrtran.c ..\..\pngrutil.c ..\..\pngset.c ..\..\pngtrans.c ..\..\pngwio.c ..\..\pngwrite.c ..\..\pngwtran.c ..\..\pngwutil.c
         pngget.c
         pngmem.c
         pngpread.c
         pngread.c
         pngrio.c
         pngrtran.c
         pngrutil.c
         pngset.c
         pngtrans.c
         pngwio.c
         pngwrite.c
         pngwtran.c
         pngwutil.c
         正在生成代码...
     1>C:\Program Files (x86)\MSBuild\Microsoft.Cpp\v4.0\V140\Microsoft.CppBuild.targets(1357,5): warning MSB8012: TargetPath(E:\develop\opengl\opengles3-book-master\opengles3-book-master\Chapter_2\Hello_Triangle\win32\Hello_Triangle\Simple_TextureCubemap\lpng1621\lpng1621\projects\visualc71\.\Win32_LIB_Debug\libpng.lib) does not match the Library's OutputFile property value (E:\develop\opengl\opengles3-book-master\opengles3-book-master\Chapter_2\Hello_Triangle\win32\Hello_Triangle\Simple_TextureCubemap\lpng1621\lpng1621\projects\visualc71\Win32_LIB_Debug\libpngd.lib). This may cause your project to build incorrectly. To correct this, please make sure that $(OutDir), $(TargetName) and $(TargetExt) property values match the value specified in %(Lib.OutputFile).
     1>C:\Program Files (x86)\MSBuild\Microsoft.Cpp\v4.0\V140\Microsoft.CppBuild.targets(1359,5): warning MSB8012: TargetName(libpng) does not match the Library's OutputFile property value (libpngd). This may cause your project to build incorrectly. To correct this, please make sure that $(OutDir), $(TargetName) and $(TargetExt) property values match the value specified in %(Lib.OutputFile).
       Lib:
         C:\Program Files (x86)\Microsoft Visual Studio 14.0\VC\bin\Lib.exe /OUT:".\Win32_LIB_Debug\libpngd.lib" /NOLOGO .\Win32_LIB_Debug\png.obj
         .\Win32_LIB_Debug\pngerror.obj
         .\Win32_LIB_Debug\pngget.obj
         .\Win32_LIB_Debug\pngmem.obj
         .\Win32_LIB_Debug\pngpread.obj
         .\Win32_LIB_Debug\pngread.obj
         .\Win32_LIB_Debug\pngrio.obj
         .\Win32_LIB_Debug\pngrtran.obj
         .\Win32_LIB_Debug\pngrutil.obj
         .\Win32_LIB_Debug\pngset.obj
         .\Win32_LIB_Debug\pngtrans.obj
         .\Win32_LIB_Debug\pngwio.obj
         .\Win32_LIB_Debug\pngwrite.obj
         .\Win32_LIB_Debug\pngwtran.obj
         .\Win32_LIB_Debug\pngwutil.obj
         libpng.vcxproj -> E:\develop\opengl\opengles3-book-master\opengles3-book-master\Chapter_2\Hello_Triangle\win32\Hello_Triangle\Simple_TextureCubemap\lpng1621\lpng1621\projects\visualc71\.\Win32_LIB_Debug\libpng.lib
     1>已完成生成项目“E:\develop\opengl\opengles3-book-master\opengles3-book-master\Chapter_2\Hello_Triangle\win32\Hello_Triangle\Simple_TextureCubemap\lpng1621\lpng1621\projects\visualc71\libpng.vcxproj”(Build 个目标)的操作。

已成功生成。

已用时间 00:00:01.36
